1487345684.160707 server started, pid 15883
1487345684.160939 continuing cmdq 0x55a9081c9b60: flags=0, client=-1
1487345684.160964 cmdq 0x55a9081c9b60: bind-key C-b send-prefix
1487345684.161010 continuing cmdq 0x55a9081c9b60: flags=0, client=-1
1487345684.161027 cmdq 0x55a9081c9b60: bind-key C-o rotate-window
1487345684.161056 continuing cmdq 0x55a9081c9b60: flags=0, client=-1
1487345684.161071 cmdq 0x55a9081c9b60: bind-key C-z suspend-client
1487345684.161102 continuing cmdq 0x55a9081c9b60: flags=0, client=-1
1487345684.161117 cmdq 0x55a9081c9b60: bind-key Space next-layout
1487345684.161154 continuing cmdq 0x55a9081c9b60: flags=0, client=-1
1487345684.161169 cmdq 0x55a9081c9b60: bind-key ! break-pane
1487345684.161193 continuing cmdq 0x55a9081c9b60: flags=0, client=-1
1487345684.161207 cmdq 0x55a9081c9b60: bind-key " split-window
1487345684.161235 continuing cmdq 0x55a9081c9b60: flags=0, client=-1
1487345684.161249 cmdq 0x55a9081c9b60: bind-key # list-buffers
1487345684.161280 continuing cmdq 0x55a9081c9b60: flags=0, client=-1
1487345684.161299 cmdq 0x55a9081c9b60: bind-key $ command-prompt -I#S "rename-session '%%'"
1487345684.161328 continuing cmdq 0x55a9081c9b60: flags=0, client=-1
1487345684.161344 cmdq 0x55a9081c9b60: bind-key % split-window -h
1487345684.161380 continuing cmdq 0x55a9081c9b60: flags=0, client=-1
1487345684.161399 cmdq 0x55a9081c9b60: bind-key & confirm-before "-pkill-window #W? (y/n)" kill-window
1487345684.161431 continuing cmdq 0x55a9081c9b60: flags=0, client=-1
1487345684.161449 cmdq 0x55a9081c9b60: bind-key ' command-prompt -pindex "select-window -t ':%%'"
1487345684.161475 continuing cmdq 0x55a9081c9b60: flags=0, client=-1
1487345684.161491 cmdq 0x55a9081c9b60: bind-key ( switch-client -p
1487345684.161520 continuing cmdq 0x55a9081c9b60: flags=0, client=-1
1487345684.161536 cmdq 0x55a9081c9b60: bind-key ) switch-client -n
1487345684.161569 continuing cmdq 0x55a9081c9b60: flags=0, client=-1
1487345684.161586 cmdq 0x55a9081c9b60: bind-key , command-prompt -I#W "rename-window '%%'"
1487345684.161611 continuing cmdq 0x55a9081c9b60: flags=0, client=-1
1487345684.161625 cmdq 0x55a9081c9b60: bind-key - delete-buffer
1487345684.161657 continuing cmdq 0x55a9081c9b60: flags=0, client=-1
1487345684.161675 cmdq 0x55a9081c9b60: bind-key . command-prompt "move-window -t '%%'"
1487345684.161700 continuing cmdq 0x55a9081c9b60: flags=0, client=-1
1487345684.161716 cmdq 0x55a9081c9b60: bind-key 0 select-window -t:=0
1487345684.161745 continuing cmdq 0x55a9081c9b60: flags=0, client=-1
1487345684.161761 cmdq 0x55a9081c9b60: bind-key 1 select-window -t:=1
1487345684.161791 continuing cmdq 0x55a9081c9b60: flags=0, client=-1
1487345684.161806 cmdq 0x55a9081c9b60: bind-key 2 select-window -t:=2
1487345684.161834 continuing cmdq 0x55a9081c9b60: flags=0, client=-1
1487345684.161849 cmdq 0x55a9081c9b60: bind-key 3 select-window -t:=3
1487345684.161876 continuing cmdq 0x55a9081c9b60: flags=0, client=-1
1487345684.161892 cmdq 0x55a9081c9b60: bind-key 4 select-window -t:=4
1487345684.161920 continuing cmdq 0x55a9081c9b60: flags=0, client=-1
1487345684.161935 cmdq 0x55a9081c9b60: bind-key 5 select-window -t:=5
1487345684.161963 continuing cmdq 0x55a9081c9b60: flags=0, client=-1
1487345684.161978 cmdq 0x55a9081c9b60: bind-key 6 select-window -t:=6
1487345684.162007 continuing cmdq 0x55a9081c9b60: flags=0, client=-1
1487345684.162022 cmdq 0x55a9081c9b60: bind-key 7 select-window -t:=7
1487345684.162050 continuing cmdq 0x55a9081c9b60: flags=0, client=-1
1487345684.162065 cmdq 0x55a9081c9b60: bind-key 8 select-window -t:=8
1487345684.162092 continuing cmdq 0x55a9081c9b60: flags=0, client=-1
1487345684.162107 cmdq 0x55a9081c9b60: bind-key 9 select-window -t:=9
1487345684.162134 continuing cmdq 0x55a9081c9b60: flags=0, client=-1
1487345684.162149 cmdq 0x55a9081c9b60: bind-key : command-prompt
1487345684.162171 continuing cmdq 0x55a9081c9b60: flags=0, client=-1
1487345684.162185 cmdq 0x55a9081c9b60: bind-key ; last-pane
1487345684.162208 continuing cmdq 0x55a9081c9b60: flags=0, client=-1
1487345684.162222 cmdq 0x55a9081c9b60: bind-key = choose-buffer
1487345684.162260 continuing cmdq 0x55a9081c9b60: flags=0, client=-1
1487345684.162275 cmdq 0x55a9081c9b60: bind-key ? list-keys
1487345684.162304 continuing cmdq 0x55a9081c9b60: flags=0, client=-1
1487345684.162319 cmdq 0x55a9081c9b60: bind-key D choose-client
1487345684.162341 continuing cmdq 0x55a9081c9b60: flags=0, client=-1
1487345684.162356 cmdq 0x55a9081c9b60: bind-key L switch-client -l
1487345684.162384 continuing cmdq 0x55a9081c9b60: flags=0, client=-1
1487345684.162399 cmdq 0x55a9081c9b60: bind-key M select-pane -M
1487345684.162423 continuing cmdq 0x55a9081c9b60: flags=0, client=-1
1487345684.162437 cmdq 0x55a9081c9b60: bind-key [ copy-mode
1487345684.162457 continuing cmdq 0x55a9081c9b60: flags=0, client=-1
1487345684.162471 cmdq 0x55a9081c9b60: bind-key ] paste-buffer
1487345684.162494 continuing cmdq 0x55a9081c9b60: flags=0, client=-1
1487345684.162507 cmdq 0x55a9081c9b60: bind-key c new-window
1487345684.162530 continuing cmdq 0x55a9081c9b60: flags=0, client=-1
1487345684.162544 cmdq 0x55a9081c9b60: bind-key d detach-client
1487345684.162567 continuing cmdq 0x55a9081c9b60: flags=0, client=-1
1487345684.162583 cmdq 0x55a9081c9b60: bind-key f command-prompt "find-window '%%'"
1487345684.162604 continuing cmdq 0x55a9081c9b60: flags=0, client=-1
1487345684.162618 cmdq 0x55a9081c9b60: bind-key i display-message
1487345684.162638 continuing cmdq 0x55a9081c9b60: flags=0, client=-1
1487345684.162652 cmdq 0x55a9081c9b60: bind-key l last-window
1487345684.162674 continuing cmdq 0x55a9081c9b60: flags=0, client=-1
1487345684.162688 cmdq 0x55a9081c9b60: bind-key m select-pane -m
1487345684.162712 continuing cmdq 0x55a9081c9b60: flags=0, client=-1
1487345684.162730 cmdq 0x55a9081c9b60: bind-key n next-window
1487345684.162756 continuing cmdq 0x55a9081c9b60: flags=0, client=-1
1487345684.162771 cmdq 0x55a9081c9b60: bind-key o select-pane -t:.+
1487345684.162795 continuing cmdq 0x55a9081c9b60: flags=0, client=-1
1487345684.162809 cmdq 0x55a9081c9b60: bind-key p previous-window
1487345684.162831 continuing cmdq 0x55a9081c9b60: flags=0, client=-1
1487345684.162845 cmdq 0x55a9081c9b60: bind-key q display-panes
1487345684.162865 continuing cmdq 0x55a9081c9b60: flags=0, client=-1
1487345684.162879 cmdq 0x55a9081c9b60: bind-key r refresh-client
1487345684.162901 continuing cmdq 0x55a9081c9b60: flags=0, client=-1
1487345684.162915 cmdq 0x55a9081c9b60: bind-key s choose-tree
1487345684.162934 continuing cmdq 0x55a9081c9b60: flags=0, client=-1
1487345684.162947 cmdq 0x55a9081c9b60: bind-key t clock-mode
1487345684.162967 continuing cmdq 0x55a9081c9b60: flags=0, client=-1
1487345684.162980 cmdq 0x55a9081c9b60: bind-key w choose-window
1487345684.163005 continuing cmdq 0x55a9081c9b60: flags=0, client=-1
1487345684.163023 cmdq 0x55a9081c9b60: bind-key x confirm-before "-pkill-pane #P? (y/n)" kill-pane
1487345684.163046 continuing cmdq 0x55a9081c9b60: flags=0, client=-1
1487345684.163060 cmdq 0x55a9081c9b60: bind-key z resize-pane -Z
1487345684.163085 continuing cmdq 0x55a9081c9b60: flags=0, client=-1
1487345684.163099 cmdq 0x55a9081c9b60: bind-key { swap-pane -U
1487345684.163130 continuing cmdq 0x55a9081c9b60: flags=0, client=-1
1487345684.163145 cmdq 0x55a9081c9b60: bind-key } swap-pane -D
1487345684.163172 continuing cmdq 0x55a9081c9b60: flags=0, client=-1
1487345684.163186 cmdq 0x55a9081c9b60: bind-key ~ show-messages
1487345684.163283 continuing cmdq 0x55a9081c9b60: flags=0, client=-1
1487345684.163302 cmdq 0x55a9081c9b60: bind-key PPage copy-mode -u
1487345684.163326 continuing cmdq 0x55a9081c9b60: flags=0, client=-1
1487345684.163340 cmdq 0x55a9081c9b60: bind-key -r Up select-pane -U
1487345684.163367 continuing cmdq 0x55a9081c9b60: flags=0, client=-1
1487345684.163381 cmdq 0x55a9081c9b60: bind-key -r Down select-pane -D
1487345684.163406 continuing cmdq 0x55a9081c9b60: flags=0, client=-1
1487345684.163419 cmdq 0x55a9081c9b60: bind-key -r Left select-pane -L
1487345684.163444 continuing cmdq 0x55a9081c9b60: flags=0, client=-1
1487345684.163458 cmdq 0x55a9081c9b60: bind-key -r Right select-pane -R
1487345684.163483 continuing cmdq 0x55a9081c9b60: flags=0, client=-1
1487345684.163509 cmdq 0x55a9081c9b60: bind-key M-1 select-layout even-horizontal
1487345684.163534 continuing cmdq 0x55a9081c9b60: flags=0, client=-1
1487345684.163548 cmdq 0x55a9081c9b60: bind-key M-2 select-layout even-vertical
1487345684.163571 continuing cmdq 0x55a9081c9b60: flags=0, client=-1
1487345684.163589 cmdq 0x55a9081c9b60: bind-key M-3 select-layout main-horizontal
1487345684.163614 continuing cmdq 0x55a9081c9b60: flags=0, client=-1
1487345684.163628 cmdq 0x55a9081c9b60: bind-key M-4 select-layout main-vertical
1487345684.163650 continuing cmdq 0x55a9081c9b60: flags=0, client=-1
1487345684.163663 cmdq 0x55a9081c9b60: bind-key M-5 select-layout tiled
1487345684.163685 continuing cmdq 0x55a9081c9b60: flags=0, client=-1
1487345684.163698 cmdq 0x55a9081c9b60: bind-key M-n next-window -a
1487345684.163720 continuing cmdq 0x55a9081c9b60: flags=0, client=-1
1487345684.163733 cmdq 0x55a9081c9b60: bind-key M-o rotate-window -D
1487345684.163755 continuing cmdq 0x55a9081c9b60: flags=0, client=-1
1487345684.163768 cmdq 0x55a9081c9b60: bind-key M-p previous-window -a
1487345684.163793 continuing cmdq 0x55a9081c9b60: flags=0, client=-1
1487345684.163807 cmdq 0x55a9081c9b60: bind-key -r M-Up resize-pane -U 5
1487345684.163836 continuing cmdq 0x55a9081c9b60: flags=0, client=-1
1487345684.163850 cmdq 0x55a9081c9b60: bind-key -r M-Down resize-pane -D 5
1487345684.163877 continuing cmdq 0x55a9081c9b60: flags=0, client=-1
1487345684.163891 cmdq 0x55a9081c9b60: bind-key -r M-Left resize-pane -L 5
1487345684.163918 continuing cmdq 0x55a9081c9b60: flags=0, client=-1
1487345684.163936 cmdq 0x55a9081c9b60: bind-key -r M-Right resize-pane -R 5
1487345684.163964 continuing cmdq 0x55a9081c9b60: flags=0, client=-1
1487345684.163978 cmdq 0x55a9081c9b60: bind-key -r C-Up resize-pane -U
1487345684.164003 continuing cmdq 0x55a9081c9b60: flags=0, client=-1
1487345684.164016 cmdq 0x55a9081c9b60: bind-key -r C-Down resize-pane -D
1487345684.164041 continuing cmdq 0x55a9081c9b60: flags=0, client=-1
1487345684.164055 cmdq 0x55a9081c9b60: bind-key -r C-Left resize-pane -L
1487345684.164080 continuing cmdq 0x55a9081c9b60: flags=0, client=-1
1487345684.164094 cmdq 0x55a9081c9b60: bind-key -r C-Right resize-pane -R
1487345684.164123 continuing cmdq 0x55a9081c9b60: flags=0, client=-1
1487345684.164139 cmdq 0x55a9081c9b60: bind-key -n MouseDown1Pane select-pane -t=; send-keys -M
1487345684.164172 continuing cmdq 0x55a9081c9b60: flags=0, client=-1
1487345684.164186 cmdq 0x55a9081c9b60: bind-key -n MouseDrag1Border resize-pane -M
1487345684.164214 continuing cmdq 0x55a9081c9b60: flags=0, client=-1
1487345684.164229 cmdq 0x55a9081c9b60: bind-key -n MouseDown1Status select-window -t=
1487345684.164256 continuing cmdq 0x55a9081c9b60: flags=0, client=-1
1487345684.164269 cmdq 0x55a9081c9b60: bind-key -n WheelDownStatus next-window
1487345684.164295 continuing cmdq 0x55a9081c9b60: flags=0, client=-1
1487345684.164309 cmdq 0x55a9081c9b60: bind-key -n WheelUpStatus previous-window
1487345684.164351 continuing cmdq 0x55a9081c9b60: flags=0, client=-1
1487345684.164375 cmdq 0x55a9081c9b60: bind-key -n MouseDrag1Pane if -Ft= #{mouse_any_flag} "if -Ft= "#{pane_in_mode}" "copy-mode -M" "send-keys -M"" "copy-mode -M"
1487345684.164413 continuing cmdq 0x55a9081c9b60: flags=0, client=-1
1487345684.164434 cmdq 0x55a9081c9b60: bind-key -n MouseDown3Pane if-shell -Ft= #{mouse_any_flag} "select-pane -t=; send-keys -M" "select-pane -mt="
1487345684.164472 continuing cmdq 0x55a9081c9b60: flags=0, client=-1
1487345684.164493 cmdq 0x55a9081c9b60: bind-key -n WheelUpPane if-shell -Ft= #{mouse_any_flag} "send-keys -M" "if -Ft= "#{pane_in_mode}" "send-keys -M" "copy-mode -et=""
1487345684.164943 socket path /tmp/tmux-1000/default
1487345684.165107 new client 7
1487345684.165201 loading /home/khangal/.tmux.conf
1487345684.165249 /home/khangal/.tmux.conf: # improve colors
1487345684.165270 /home/khangal/.tmux.conf: set -g default-terminal 'screen-256color'
1487345684.165299 /home/khangal/.tmux.conf: 
1487345684.165311 /home/khangal/.tmux.conf: # act like vim
1487345684.165335 /home/khangal/.tmux.conf: setw -g mode-keys vi
1487345684.165360 /home/khangal/.tmux.conf: bind h select-pane -L
1487345684.165378 /home/khangal/.tmux.conf: bind j select-pane -D
1487345684.165396 /home/khangal/.tmux.conf: bind k select-pane -U
1487345684.165414 /home/khangal/.tmux.conf: bind l select-pane -R
1487345684.165432 /home/khangal/.tmux.conf: bind-key -r C-h select-window -t :-
1487345684.165454 /home/khangal/.tmux.conf: bind-key -r C-l select-window -t :+
1487345684.165474 /home/khangal/.tmux.conf: 
1487345684.165485 /home/khangal/.tmux.conf: set -g prefix2 C-s
1487345684.165507 /home/khangal/.tmux.conf: 
1487345684.165523 /home/khangal/.tmux.conf: # start window numbers at 1 to match keyboard order with tmux window order
1487345684.165535 /home/khangal/.tmux.conf: set -g base-index 1
1487345684.165558 /home/khangal/.tmux.conf: set-window-option -g pane-base-index 1
1487345684.165583 /home/khangal/.tmux.conf: 
1487345684.165596 /home/khangal/.tmux.conf: # renumber windows sequentially after closing any of them
1487345684.165608 /home/khangal/.tmux.conf: set -g renumber-windows on
1487345684.165629 /home/khangal/.tmux.conf: 
1487345684.165649 /home/khangal/.tmux.conf: # soften status bar color from harsh green to light gray
1487345684.165668 /home/khangal/.tmux.conf: set -g status-bg '#666666'
1487345684.165704 /home/khangal/.tmux.conf: set -g status-fg '#aaaaaa'
1487345684.165739 /home/khangal/.tmux.conf: 
1487345684.165765 /home/khangal/.tmux.conf: # remove administrative debris (session name, hostname, time) in status bar
1487345684.165787 /home/khangal/.tmux.conf: set -g status-left ''
1487345684.165822 /home/khangal/.tmux.conf: set -g status-right ''
1487345684.165844 /home/khangal/.tmux.conf: 
1487345684.165856 /home/khangal/.tmux.conf: # increase scrollback lines
1487345684.165869 /home/khangal/.tmux.conf: set -g history-limit 10000
1487345684.165890 /home/khangal/.tmux.conf: 
1487345684.165903 /home/khangal/.tmux.conf: # prefix -> back-one-character
1487345684.165914 /home/khangal/.tmux.conf: bind-key C-b send-prefix
1487345684.165934 /home/khangal/.tmux.conf: # prefix-2 -> forward-incremental-history-search
1487345684.165946 /home/khangal/.tmux.conf: bind-key C-s send-prefix -2
1487345684.165964 /home/khangal/.tmux.conf: 
1487345684.165975 /home/khangal/.tmux.conf: # Local config
1487345684.165988 /home/khangal/.tmux.conf: if-shell "[ -f ~/.tmux.conf.local ]" 'source ~/.tmux.conf.local'
1487345684.166024 continuing cmdq 0x55a9081ce680: flags=0, client=-1
1487345684.166040 cmdq 0x55a9081ce680: set-option -g default-terminal screen-256color
1487345684.166074 cmdq 0x55a9081ce680: set-window-option -g mode-keys vi
1487345684.166100 cmdq 0x55a9081ce680: bind-key h select-pane -L
1487345684.166124 cmdq 0x55a9081ce680: bind-key j select-pane -D
1487345684.166145 cmdq 0x55a9081ce680: bind-key k select-pane -U
1487345684.166165 cmdq 0x55a9081ce680: bind-key l select-pane -R
1487345684.166188 cmdq 0x55a9081ce680: bind-key -r C-h select-window -t :-
1487345684.166211 cmdq 0x55a9081ce680: bind-key -r C-l select-window -t :+
1487345684.166231 cmdq 0x55a9081ce680: set-option -g prefix2 C-s
1487345684.166255 cmdq 0x55a9081ce680: set-option -g base-index 1
1487345684.166277 cmdq 0x55a9081ce680: set-window-option -g pane-base-index 1
1487345684.166297 cmdq 0x55a9081ce680: set-option -g renumber-windows on
1487345684.166317 cmdq 0x55a9081ce680: set-option -g status-bg #666666
1487345684.166370 cmdq 0x55a9081ce680: set-option -g status-fg #aaaaaa
1487345684.166396 cmdq 0x55a9081ce680: set-option -g status-left 
1487345684.166417 cmdq 0x55a9081ce680: set-option -g status-right 
1487345684.166438 cmdq 0x55a9081ce680: set-option -g history-limit 10000
1487345684.166457 cmdq 0x55a9081ce680: bind-key C-b send-prefix
1487345684.166478 cmdq 0x55a9081ce680: bind-key C-s send-prefix -2
1487345684.166500 cmdq 0x55a9081ce680: if-shell "[ -f ~/.tmux.conf.local ]" "source ~/.tmux.conf.local"
1487345684.166522 format '[ -f ~/.tmux.conf.local ]' -> '[ -f ~/.tmux.conf.local ]'
1487345684.166975 run job 0x55a9081e52e0: [ -f ~/.tmux.conf.local ], pid 15884
1487345684.167036 event dispatch enter
1487345684.167120 got 100 from client 7
1487345684.167134 got 101 from client 7
1487345684.167145 got 102 from client 7
1487345684.167155 got 103 from client 7
1487345684.167173 job write 0x55a9081e52e0: [ -f ~/.tmux.conf.local ], pid 15884, output left 0
1487345684.167186 event dispatch exit
1487345684.167220 event dispatch enter
1487345684.167288 got 104 from client 7
1487345684.167302 event dispatch exit
1487345684.167311 event dispatch enter
1487345684.167352 got 107 from client 7
1487345684.167365 got 105 from client 7
1487345684.167376 got 105 from client 7
1487345684.167386 got 105 from client 7
1487345684.167397 got 105 from client 7
1487345684.167407 got 105 from client 7
1487345684.167417 got 105 from client 7
1487345684.167427 got 105 from client 7
1487345684.167437 got 105 from client 7
1487345684.167447 got 105 from client 7
1487345684.167457 got 105 from client 7
1487345684.167467 got 105 from client 7
1487345684.167478 got 105 from client 7
1487345684.167487 got 105 from client 7
1487345684.167498 got 105 from client 7
1487345684.167508 got 105 from client 7
1487345684.167518 got 105 from client 7
1487345684.167528 got 105 from client 7
1487345684.167541 got 105 from client 7
1487345684.167551 got 105 from client 7
1487345684.167561 got 105 from client 7
1487345684.167570 got 105 from client 7
1487345684.167580 got 105 from client 7
1487345684.167590 got 105 from client 7
1487345684.167600 got 105 from client 7
1487345684.167611 got 105 from client 7
1487345684.167621 got 105 from client 7
1487345684.167631 got 105 from client 7
1487345684.167640 got 105 from client 7
1487345684.167650 got 105 from client 7
1487345684.167660 got 105 from client 7
1487345684.167670 got 105 from client 7
1487345684.167679 got 105 from client 7
1487345684.167689 got 105 from client 7
1487345684.167699 got 105 from client 7
1487345684.167709 got 105 from client 7
1487345684.167719 got 105 from client 7
1487345684.167728 got 105 from client 7
1487345684.167739 got 105 from client 7
1487345684.167749 got 105 from client 7
1487345684.167758 got 105 from client 7
1487345684.167769 got 105 from client 7
1487345684.167778 got 105 from client 7
1487345684.167788 got 105 from client 7
1487345684.167798 got 105 from client 7
1487345684.167807 got 105 from client 7
1487345684.167817 got 105 from client 7
1487345684.167827 got 105 from client 7
1487345684.167836 got 105 from client 7
1487345684.167846 got 105 from client 7
1487345684.167856 got 105 from client 7
1487345684.167866 got 105 from client 7
1487345684.167876 got 105 from client 7
1487345684.167886 got 105 from client 7
1487345684.167913 got 105 from client 7
1487345684.167924 got 105 from client 7
1487345684.167935 got 105 from client 7
1487345684.167946 got 105 from client 7
1487345684.167956 got 105 from client 7
1487345684.167967 got 105 from client 7
1487345684.167977 got 105 from client 7
1487345684.167988 got 105 from client 7
1487345684.167998 got 105 from client 7
1487345684.168008 got 105 from client 7
1487345684.168019 got 105 from client 7
1487345684.168029 got 105 from client 7
1487345684.168039 got 105 from client 7
1487345684.168050 got 105 from client 7
1487345684.168061 got 105 from client 7
1487345684.168072 got 105 from client 7
1487345684.168083 got 105 from client 7
1487345684.168093 got 105 from client 7
1487345684.168103 got 105 from client 7
1487345684.168114 got 105 from client 7
1487345684.168124 got 105 from client 7
1487345684.168134 got 105 from client 7
1487345684.168145 got 105 from client 7
1487345684.168156 got 105 from client 7
1487345684.168166 got 105 from client 7
1487345684.168177 got 105 from client 7
1487345684.168188 got 105 from client 7
1487345684.168199 got 105 from client 7
1487345684.168210 got 105 from client 7
1487345684.168221 got 105 from client 7
1487345684.168233 got 105 from client 7
1487345684.168244 got 105 from client 7
1487345684.168255 got 105 from client 7
1487345684.168266 got 105 from client 7
1487345684.168277 got 105 from client 7
1487345684.168301 got 105 from client 7
1487345684.168313 got 105 from client 7
1487345684.168325 got 105 from client 7
1487345684.168336 got 105 from client 7
1487345684.168347 got 105 from client 7
1487345684.168358 got 105 from client 7
1487345684.168368 got 106 from client 7
1487345684.168439 got 200 from client 7
1487345684.168469 event dispatch exit
1487345684.168480 event dispatch enter
1487345684.169357 job error 0x55a9081e52e0: [ -f ~/.tmux.conf.local ], pid 15884
1487345684.169387 event dispatch exit
1487345684.169399 event dispatch enter
1487345684.169459 job died 0x55a9081e52e0: [ -f ~/.tmux.conf.local ], pid 15884
1487345684.169497 continuing cmdq 0x55a9081e6110: flags=0, client=-1
1487345684.169517 cmdq 0x55a9081e6110: source-file /home/khangal/.tmux.conf.local
1487345684.169530 loading /home/khangal/.tmux.conf.local
1487345684.169578 /home/khangal/.tmux.conf.local: # Use default binding
1487345684.169593 /home/khangal/.tmux.conf.local: unbind C-s
1487345684.169618 /home/khangal/.tmux.conf.local: set -g prefix2 C-b
1487345684.169642 /home/khangal/.tmux.conf.local: 
1487345684.169655 /home/khangal/.tmux.conf.local: set-window-option -g xterm-keys on
1487345684.169695 continuing cmdq 0x55a9081ea920: flags=0, client=-1
1487345684.169709 cmdq 0x55a9081ea920: unbind-key C-s
1487345684.169731 cmdq 0x55a9081ea920: set-option -g prefix2 C-b
1487345684.169757 cmdq 0x55a9081ea920: set-window-option -g xterm-keys on
1487345684.169779 continuing cmdq 0x55a9081e6110: flags=0, client=-1
1487345684.169792 free job 0x55a9081e52e0: [ -f ~/.tmux.conf.local ]
1487345684.169803 continuing cmdq 0x55a9081ce680: flags=0, client=-1
1487345684.169815 continuing cmdq 0x55a9081cf950: flags=0, client=7
1487345684.169826 cmdq 0x55a9081cf950: new-session
1487345684.169842 new term: xterm-256color
1487345684.170265 xterm-256color override: XT 
1487345684.170295 xterm-256color override: Ms \033]52;%p1%s;%p2%s\a
1487345684.170310 xterm-256color override: Cs \033]12;%p1%s\a
1487345684.170324 xterm-256color override: Cr \033]112\a
1487345684.170338 xterm-256color override: Ss \033[%p1%d q
1487345684.170351 xterm-256color override: Se \033[2 q
1487345684.170399 new key \033Oo: 0x103c (KP/)
1487345684.170412 new key \033Oj: 0x103d (KP*)
1487345684.170423 new key \033Om: 0x103e (KP-)
1487345684.170432 new key \033Ow: 0x103f (KP7)
1487345684.170442 new key \033Ox: 0x1040 (KP8)
1487345684.170451 new key \033Oy: 0x1041 (KP9)
1487345684.170459 new key \033Ok: 0x1042 (KP+)
1487345684.170468 new key \033Ot: 0x1043 (KP4)
1487345684.170478 new key \033Ou: 0x1044 (KP5)
1487345684.170487 new key \033Ov: 0x1045 (KP6)
1487345684.170495 new key \033Oq: 0x1046 (KP1)
1487345684.170504 new key \033Or: 0x1047 (KP2)
1487345684.170513 new key \033Os: 0x1048 (KP3)
1487345684.170523 new key \033OM: 0x1049 (KPEnter)
1487345684.170533 new key \033Op: 0x104a (KP0)
1487345684.170542 new key \033On: 0x104b (KP.)
1487345684.170551 new key \033OA: 0x1038 (Up)
1487345684.170561 new key \033OB: 0x1039 (Down)
1487345684.170570 new key \033OC: 0x103b (Right)
1487345684.170579 new key \033OD: 0x103a (Left)
1487345684.170588 new key \033[A: 0x1038 (Up)
1487345684.170597 new key \033[B: 0x1039 (Down)
1487345684.170606 new key \033[C: 0x103b (Right)
1487345684.170614 new key \033[D: 0x103a (Left)
1487345684.170623 new key \033OH: 0x1033 (Home)
1487345684.170632 new key \033OF: 0x1034 (End)
1487345684.170641 new key \033[H: 0x1033 (Home)
1487345684.170649 new key \033[F: 0x1034 (End)
1487345684.170658 new key \033Oa: 0x5038 (C-Up)
1487345684.170668 new key \033Ob: 0x5039 (C-Down)
1487345684.170677 new key \033Oc: 0x503b (C-Right)
1487345684.170687 new key \033Od: 0x503a (C-Left)
1487345684.170696 new key \033[a: 0x9038 (S-Up)
1487345684.170705 new key \033[b: 0x9039 (S-Down)
1487345684.170714 new key \033[c: 0x903b (S-Right)
1487345684.170723 new key \033[d: 0x903a (S-Left)
1487345684.170732 new key \033[11^: 0x5025 (C-F1)
1487345684.170742 new key \033[12^: 0x5026 (C-F2)
1487345684.170751 new key \033[13^: 0x5027 (C-F3)
1487345684.170760 new key \033[14^: 0x5028 (C-F4)
1487345684.170783 new key \033[15^: 0x5029 (C-F5)
1487345684.170794 new key \033[17^: 0x502a (C-F6)
1487345684.170803 new key \033[18^: 0x502b (C-F7)
1487345684.170813 new key \033[19^: 0x502c (C-F8)
1487345684.170822 new key \033[20^: 0x502d (C-F9)
1487345684.170831 new key \033[21^: 0x502e (C-F10)
1487345684.170840 new key \033[23^: 0x502f (C-F11)
1487345684.170849 new key \033[24^: 0x5030 (C-F12)
1487345684.170858 new key \033[2^: 0x5031 (C-IC)
1487345684.170868 new key \033[3^: 0x5032 (C-DC)
1487345684.170877 new key \033[7^: 0x5033 (C-Home)
1487345684.170887 new key \033[8^: 0x5034 (C-End)
1487345684.170897 new key \033[6^: 0x5035 (C-NPage)
1487345684.170907 new key \033[5^: 0x5036 (C-PPage)
1487345684.170916 new key \033[11$: 0x9025 (S-F1)
1487345684.170925 new key \033[12$: 0x9026 (S-F2)
1487345684.170934 new key \033[13$: 0x9027 (S-F3)
1487345684.170943 new key \033[14$: 0x9028 (S-F4)
1487345684.170952 new key \033[15$: 0x9029 (S-F5)
1487345684.170961 new key \033[17$: 0x902a (S-F6)
1487345684.170970 new key \033[18$: 0x902b (S-F7)
1487345684.170979 new key \033[19$: 0x902c (S-F8)
1487345684.170988 new key \033[20$: 0x902d (S-F9)
1487345684.170997 new key \033[21$: 0x902e (S-F10)
1487345684.171006 new key \033[23$: 0x902f (S-F11)
1487345684.171015 new key \033[24$: 0x9030 (S-F12)
1487345684.171024 new key \033[2$: 0x9031 (S-IC)
1487345684.171032 new key \033[3$: 0x9032 (S-DC)
1487345684.171042 new key \033[7$: 0x9033 (S-Home)
1487345684.171051 new key \033[8$: 0x9034 (S-End)
1487345684.171060 new key \033[6$: 0x9035 (S-NPage)
1487345684.171074 new key \033[5$: 0x9036 (S-PPage)
1487345684.171086 new key \033[11@: 0xd025 (C-S-F1)
1487345684.171095 new key \033[12@: 0xd026 (C-S-F2)
1487345684.171105 new key \033[13@: 0xd027 (C-S-F3)
1487345684.171114 new key \033[14@: 0xd028 (C-S-F4)
1487345684.171123 new key \033[15@: 0xd029 (C-S-F5)
1487345684.171132 new key \033[17@: 0xd02a (C-S-F6)
1487345684.171141 new key \033[18@: 0xd02b (C-S-F7)
1487345684.171150 new key \033[19@: 0xd02c (C-S-F8)
1487345684.171159 new key \033[20@: 0xd02d (C-S-F9)
1487345684.171168 new key \033[21@: 0xd02e (C-S-F10)
1487345684.171177 new key \033[23@: 0xd02f (C-S-F11)
1487345684.171186 new key \033[24@: 0xd030 (C-S-F12)
1487345684.171253 new key \033[2@: 0xd031 (C-S-IC)
1487345684.171290 new key \033[3@: 0xd032 (C-S-DC)
1487345684.171303 new key \033[7@: 0xd033 (C-S-Home)
1487345684.171312 new key \033[8@: 0xd034 (C-S-End)
1487345684.171322 new key \033[6@: 0xd035 (C-S-NPage)
1487345684.171332 new key \033[5@: 0xd036 (C-S-PPage)
1487345684.171342 new key \033[I: 0x1000 ((null))
1487345684.171368 new key \033[O: 0x1001 ((null))
1487345684.171376 new key \033OP: 0x1025 (F1)
1487345684.171384 new key \033OQ: 0x1026 (F2)
1487345684.171392 new key \033OR: 0x1027 (F3)
1487345684.171400 new key \033OS: 0x1028 (F4)
1487345684.171408 new key \033[15~: 0x1029 (F5)
1487345684.171416 new key \033[17~: 0x102a (F6)
1487345684.171424 new key \033[18~: 0x102b (F7)
1487345684.171432 new key \033[19~: 0x102c (F8)
1487345684.171439 new key \033[20~: 0x102d (F9)
1487345684.171447 new key \033[21~: 0x102e (F10)
1487345684.171460 new key \033[23~: 0x102f (F11)
1487345684.171487 new key \033[24~: 0x1030 (F12)
1487345684.171499 new key \033[1;2P: 0x9025 (S-F1)
1487345684.171509 new key \033[1;2Q: 0x9026 (S-F2)
1487345684.171518 new key \033[1;2R: 0x9027 (S-F3)
1487345684.171528 new key \033[1;2S: 0x9028 (S-F4)
1487345684.171537 new key \033[15;2~: 0x9029 (S-F5)
1487345684.171547 new key \033[17;2~: 0x902a (S-F6)
1487345684.171557 new key \033[18;2~: 0x902b (S-F7)
1487345684.171566 new key \033[19;2~: 0x902c (S-F8)
1487345684.171576 new key \033[20;2~: 0x902d (S-F9)
1487345684.171586 new key \033[21;2~: 0x902e (S-F10)
1487345684.171595 new key \033[23;2~: 0x902f (S-F11)
1487345684.171604 new key \033[24;2~: 0x9030 (S-F12)
1487345684.171614 new key \033[1;5P: 0x5025 (C-F1)
1487345684.171623 new key \033[1;5Q: 0x5026 (C-F2)
1487345684.171632 new key \033[1;5R: 0x5027 (C-F3)
1487345684.171641 new key \033[1;5S: 0x5028 (C-F4)
1487345684.171650 new key \033[15;5~: 0x5029 (C-F5)
1487345684.171670 new key \033[17;5~: 0x502a (C-F6)
1487345684.171681 new key \033[18;5~: 0x502b (C-F7)
1487345684.171690 new key \033[19;5~: 0x502c (C-F8)
1487345684.171703 new key \033[20;5~: 0x502d (C-F9)
1487345684.171714 new key \033[21;5~: 0x502e (C-F10)
1487345684.171724 new key \033[23;5~: 0x502f (C-F11)
1487345684.171733 new key \033[24;5~: 0x5030 (C-F12)
1487345684.171743 new key \033[1;6P: 0xd025 (C-S-F1)
1487345684.171753 new key \033[1;6Q: 0xd026 (C-S-F2)
1487345684.171762 new key \033[1;6R: 0xd027 (C-S-F3)
1487345684.171772 new key \033[1;6S: 0xd028 (C-S-F4)
1487345684.171782 new key \033[15;6~: 0xd029 (C-S-F5)
1487345684.171792 new key \033[17;6~: 0xd02a (C-S-F6)
1487345684.171801 new key \033[18;6~: 0xd02b (C-S-F7)
1487345684.171811 new key \033[19;6~: 0xd02c (C-S-F8)
1487345684.171820 new key \033[20;6~: 0xd02d (C-S-F9)
1487345684.171830 new key \033[21;6~: 0xd02e (C-S-F10)
1487345684.171839 new key \033[23;6~: 0xd02f (C-S-F11)
1487345684.171849 new key \033[24;6~: 0xd030 (C-S-F12)
1487345684.171859 new key \033[1;3P: 0x3025 (M-F1)
1487345684.171868 new key \033[1;3Q: 0x3026 (M-F2)
1487345684.171878 new key \033[1;3R: 0x3027 (M-F3)
1487345684.171887 new key \033[1;3S: 0x3028 (M-F4)
1487345684.171897 new key \033[15;3~: 0x3029 (M-F5)
1487345684.171906 new key \033[17;3~: 0x302a (M-F6)
1487345684.171916 new key \033[18;3~: 0x302b (M-F7)
1487345684.171929 new key \033[19;3~: 0x302c (M-F8)
1487345684.171939 new key \033[20;3~: 0x302d (M-F9)
1487345684.171949 new key \033[21;3~: 0x302e (M-F10)
1487345684.171958 new key \033[23;3~: 0x302f (M-F11)
1487345684.171968 new key \033[24;3~: 0x3030 (M-F12)
1487345684.171977 new key \033[1;4P: 0xb025 (M-S-F1)
1487345684.171987 new key \033[1;4Q: 0xb026 (M-S-F2)
1487345684.171996 new key \033[1;4R: 0xb027 (M-S-F3)
1487345684.172006 new key \033[2~: 0x1031 (IC)
1487345684.172015 new key \033[3~: 0x1032 (DC)
1487345684.172025 replacing key \033OH: 0x1033 (Home)
1487345684.172034 replacing key \033OF: 0x1034 (End)
1487345684.172044 new key \033[6~: 0x1035 (NPage)
1487345684.172053 new key \033[5~: 0x1036 (PPage)
1487345684.172062 new key \033[Z: 0x1037 (BTab)
1487345684.172071 replacing key \033OA: 0x1038 (Up)
1487345684.172080 replacing key \033OB: 0x1039 (Down)
1487345684.172089 replacing key \033OD: 0x103a (Left)
1487345684.172099 replacing key \033OC: 0x103b (Right)
1487345684.172108 new key \033[3;2~: 0x9032 (S-DC)
1487345684.172117 new key \033[3;3~: 0x3032 (M-DC)
1487345684.172127 new key \033[3;4~: 0xb032 (M-S-DC)
1487345684.172136 new key \033[3;5~: 0x5032 (C-DC)
1487345684.172146 new key \033[3;6~: 0xd032 (C-S-DC)
1487345684.172155 new key \033[3;7~: 0x7032 (C-M-DC)
1487345684.172165 new key \033[1;2B: 0x9039 (S-Down)
1487345684.172174 new key \033[1;3B: 0x3039 (M-Down)
1487345684.172188 new key \033[1;4B: 0xb039 (M-S-Down)
1487345684.172198 new key \033[1;5B: 0x5039 (C-Down)
1487345684.172208 new key \033[1;6B: 0xd039 (C-S-Down)
1487345684.172218 new key \033[1;7B: 0x7039 (C-M-Down)
1487345684.172228 new key \033[1;2F: 0x9034 (S-End)
1487345684.172238 new key \033[1;3F: 0x3034 (M-End)
1487345684.172247 new key \033[1;4F: 0xb034 (M-S-End)
1487345684.172257 new key \033[1;5F: 0x5034 (C-End)
1487345684.172266 new key \033[1;6F: 0xd034 (C-S-End)
1487345684.172276 new key \033[1;7F: 0x7034 (C-M-End)
1487345684.172285 new key \033[1;2H: 0x9033 (S-Home)
1487345684.172295 new key \033[1;3H: 0x3033 (M-Home)
1487345684.172304 new key \033[1;4H: 0xb033 (M-S-Home)
1487345684.172314 new key \033[1;5H: 0x5033 (C-Home)
1487345684.172324 new key \033[1;6H: 0xd033 (C-S-Home)
1487345684.172333 new key \033[1;7H: 0x7033 (C-M-Home)
1487345684.172343 new key \033[2;2~: 0x9031 (S-IC)
1487345684.172353 new key \033[2;3~: 0x3031 (M-IC)
1487345684.172362 new key \033[2;4~: 0xb031 (M-S-IC)
1487345684.172372 new key \033[2;5~: 0x5031 (C-IC)
1487345684.172381 new key \033[2;6~: 0xd031 (C-S-IC)
1487345684.172391 new key \033[2;7~: 0x7031 (C-M-IC)
1487345684.172400 new key \033[1;2D: 0x903a (S-Left)
1487345684.172410 new key \033[1;3D: 0x303a (M-Left)
1487345684.172420 new key \033[1;4D: 0xb03a (M-S-Left)
1487345684.172437 new key \033[1;5D: 0x503a (C-Left)
1487345684.172451 new key \033[1;6D: 0xd03a (C-S-Left)
1487345684.172463 new key \033[1;7D: 0x703a (C-M-Left)
1487345684.172473 new key \033[6;2~: 0x9035 (S-NPage)
1487345684.172483 new key \033[6;3~: 0x3035 (M-NPage)
1487345684.172493 new key \033[6;4~: 0xb035 (M-S-NPage)
1487345684.172503 new key \033[6;5~: 0x5035 (C-NPage)
1487345684.172513 new key \033[6;6~: 0xd035 (C-S-NPage)
1487345684.172523 new key \033[6;7~: 0x7035 (C-M-NPage)
1487345684.172533 new key \033[5;2~: 0x9036 (S-PPage)
1487345684.172543 new key \033[5;3~: 0x3036 (M-PPage)
1487345684.172553 new key \033[5;4~: 0xb036 (M-S-PPage)
1487345684.172562 new key \033[5;5~: 0x5036 (C-PPage)
1487345684.172572 new key \033[5;6~: 0xd036 (C-S-PPage)
1487345684.172581 new key \033[5;7~: 0x7036 (C-M-PPage)
1487345684.172591 new key \033[1;2C: 0x903b (S-Right)
1487345684.172601 new key \033[1;3C: 0x303b (M-Right)
1487345684.172611 new key \033[1;4C: 0xb03b (M-S-Right)
1487345684.172621 new key \033[1;5C: 0x503b (C-Right)
1487345684.172631 new key \033[1;6C: 0xd03b (C-S-Right)
1487345684.172641 new key \033[1;7C: 0x703b (C-M-Right)
1487345684.172651 new key \033[1;2A: 0x9038 (S-Up)
1487345684.172660 new key \033[1;3A: 0x3038 (M-Up)
1487345684.172670 new key \033[1;4A: 0xb038 (M-S-Up)
1487345684.172685 new key \033[1;5A: 0x5038 (C-Up)
1487345684.172696 new key \033[1;6A: 0xd038 (C-S-Up)
1487345684.172705 new key \033[1;7A: 0x7038 (C-M-Up)
1487345684.172866 @0 alerts flags added 0x2
1487345684.172890 spawn: /usr/bin/zsh -- 
1487345684.176175 @0 alerts timer reset 0
1487345684.176201 session 0 created
1487345684.176223 writing 207 to client 7
1487345684.176245 client 7, status interval 15
1487345684.176288 session 0 has 3 references
1487345684.176298 session 0 has 2 references
1487345684.176308 unref client 7 (3 references)
1487345684.176317 unref client 7 (2 references)
1487345684.176352 event dispatch exit
1487345684.176848 format '#{window_flags}' -> '*'
1487345684.176864 format '#I:#W#{?window_flags,#{window_flags}, }' -> '1:zsh*'
1487345684.177099 @0 active pane not changed
1487345684.177111 event dispatch enter
1487345684.177184 event dispatch exit
1487345684.177198 @0 active pane not changed
1487345684.177207 event dispatch enter
1487345684.177453 got 208 from client 7
1487345684.177476 event dispatch exit
1487345684.177490 @0 active pane not changed
1487345684.177498 event dispatch enter
1487345685.127882 %0 has 104 bytes
1487345685.127910 @0 alerts timer reset 0
1487345685.127922 input_parse: %0 ground, 104 bytes: \033[1m\033[3m%\033[23m\033[1m\033[0m                                                                               \r \r
1487345685.127934 input_csi_dispatch: 'm' "" "1"
1487345685.127944 input_csi_dispatch: 'm' "" "3"
1487345685.127981 input_csi_dispatch: 'm' "" "23"
1487345685.127992 input_csi_dispatch: 'm' "" "1"
1487345685.128000 input_csi_dispatch: 'm' "" "0"
1487345685.128130 input_c0_dispatch: '\r'
1487345685.128150 input_c0_dispatch: '\r'
1487345685.128162 event dispatch exit
1487345685.128181 @0 active pane changed
1487345685.128348 format '#{pane_current_command}' -> 'zsh'
1487345685.128366 format '' -> ''
1487345685.128380 format '#{?pane_in_mode,[tmux],#{pane_current_command}}#{?pane_dead,[dead],}' -> 'zsh'
1487345685.128405 @0 name not changed (still zsh)
1487345685.128415 event dispatch enter
1487345685.128451 event dispatch exit
1487345685.128466 @0 active pane not changed
1487345685.128475 event dispatch enter
1487345685.134854 %0 has 62 bytes
1487345685.134880 @0 alerts timer reset 0
1487345685.134891 input_parse: %0 ground, 62 bytes: \r\033[0m\033[23m\033[24m\033[J\033[01;34mdepot\033[00m \033[01;32mmaster\033[00m % \033[K
1487345685.134896 input_c0_dispatch: '\r'
1487345685.134905 input_csi_dispatch: 'm' "" "0"
1487345685.134914 input_csi_dispatch: 'm' "" "23"
1487345685.134921 input_csi_dispatch: 'm' "" "24"
1487345685.134926 input_csi_dispatch: 'J' "" ""
1487345685.134959 input_csi_dispatch: 'm' "" "01"
1487345685.134977 input_csi_dispatch: 'm' "" "00"
1487345685.134997 input_csi_dispatch: 'm' "" "01"
1487345685.135013 input_csi_dispatch: 'm' "" "00"
1487345685.135022 input_csi_dispatch: 'K' "" ""
1487345685.135030 event dispatch exit
1487345685.135041 @0 active pane changed
1487345685.135047 @0 name timer queued (493143 left)
1487345685.135052 event dispatch enter
1487345685.135073 event dispatch exit
1487345685.135084 @0 active pane changed
1487345685.135093 @0 name timer already queued (493098 left)
1487345685.135099 event dispatch enter
1487345685.629639 @0 name timer expired
1487345685.629670 event dispatch exit
1487345685.629686 @0 active pane changed
1487345685.629819 format '#{pane_current_command}' -> 'zsh'
1487345685.629833 format '' -> ''
1487345685.629843 format '#{?pane_in_mode,[tmux],#{pane_current_command}}#{?pane_dead,[dead],}' -> 'zsh'
1487345685.629863 @0 name not changed (still zsh)
1487345685.629871 event dispatch enter
1487345686.297202 %0 has 8 bytes
1487345686.297244 @0 alerts timer reset 0
1487345686.297258 input_parse: %0 ground, 8 bytes: \033[?2004h
1487345686.297274 input_csi_dispatch: 'h' "?" "2004"
1487345686.297287 event dispatch exit
1487345686.297305 @0 active pane changed
1487345686.297456 format '#{pane_current_command}' -> 'zsh'
1487345686.297470 format '' -> ''
1487345686.297481 format '#{?pane_in_mode,[tmux],#{pane_current_command}}#{?pane_dead,[dead],}' -> 'zsh'
1487345686.297502 @0 name not changed (still zsh)
1487345686.297510 event dispatch enter
1487345686.297539 event dispatch exit
1487345686.297552 @0 active pane not changed
1487345686.297559 event dispatch enter
1487345686.965005 keys are 1 (\002)
1487345686.965064 complete key \002 0x2
1487345686.965085 session 0 not pasting
1487345686.965111 event dispatch exit
1487345686.965762 format '#{window_flags}' -> '*'
1487345686.965780 format '#I:#W#{?window_flags,#{window_flags}, }' -> '1:zsh*'
1487345686.965838 @0 active pane not changed
1487345686.965850 event dispatch enter
1487345688.960301 keys are 1 (q)
1487345688.960357 complete key q 0x71
1487345688.960376 session 0 not pasting
1487345688.960400 continuing cmdq 0x55a9081cf950: flags=0, client=7
1487345688.960413 cmdq 0x55a9081cf950: display-panes
1487345688.960430 event dispatch exit
1487345688.961234 format '#{window_flags}' -> '*'
1487345688.961259 format '#I:#W#{?window_flags,#{window_flags}, }' -> '1:zsh*'
1487345688.961601 @0 active pane not changed
1487345688.961615 event dispatch enter
1487345688.961661 event dispatch exit
1487345688.961677 @0 active pane not changed
1487345688.961688 event dispatch enter
1487345689.353920 keys are 1 (\177)
1487345689.353976 complete key \177 0x1024
1487345689.353997 session 0 not pasting
1487345689.354025 writing key 0x1024 (BSpace)
1487345689.354039 found key 0x1024: "\177"
1487345689.354060 event dispatch exit
1487345689.354711 format '#{window_flags}' -> '*'
1487345689.354731 format '#I:#W#{?window_flags,#{window_flags}, }' -> '1:zsh*'
1487345689.355036 @0 active pane not changed
1487345689.355050 event dispatch enter
1487345689.355104 event dispatch exit
1487345689.355139 @0 active pane not changed
1487345689.355153 event dispatch enter
1487345689.355327 %0 has 1 bytes
1487345689.355369 @0 alerts timer reset 0
1487345689.355384 input_parse: %0 ground, 1 bytes: \a
1487345689.355396 input_c0_dispatch: '\a'
1487345689.355406 @0 alerts timer reset 0
1487345689.355416 @0 alerts flags added 0x1
1487345689.355428 alerts check queued (by @0)
1487345689.355443 event dispatch exit
1487345689.355457 @0 active pane changed
1487345689.355631 format '#{pane_current_command}' -> 'zsh'
1487345689.355649 format '' -> ''
1487345689.355665 format '#{?pane_in_mode,[tmux],#{pane_current_command}}#{?pane_dead,[dead],}' -> 'zsh'
1487345689.355691 @0 name not changed (still zsh)
1487345689.355701 event dispatch enter
1487345689.355739 0:1 @0 alerts check, alerts 0x1, flags 0x3
1487345689.355751 event dispatch exit
1487345689.356331 format '#{window_flags}' -> '*'
1487345689.356349 format '#I:#W#{?window_flags,#{window_flags}, }' -> '1:zsh*'
1487345689.356400 @0 active pane not changed
1487345689.356433 event dispatch enter
1487345689.356469 event dispatch exit
1487345689.356483 @0 active pane not changed
1487345689.356492 event dispatch enter
1487345689.961216 event dispatch exit
1487345689.961296 @0 active pane not changed
1487345689.961313 event dispatch enter
1487345690.006609 keys are 1 (q)
1487345690.006670 complete key q 0x71
1487345690.006691 session 0 not pasting
1487345690.006708 writing key 0x71 (q)
1487345690.006728 event dispatch exit
1487345690.006754 @0 active pane not changed
1487345690.006772 event dispatch enter
1487345690.006823 event dispatch exit
1487345690.006848 @0 active pane not changed
1487345690.006863 event dispatch enter
1487345690.007053 %0 has 1 bytes
1487345690.007074 @0 alerts flags added 0x2
1487345690.007092 input_parse: %0 ground, 1 bytes: q
1487345690.007134 event dispatch exit
1487345690.007153 @0 active pane changed
1487345690.007393 format '#{pane_current_command}' -> 'zsh'
1487345690.007415 format '' -> ''
1487345690.007432 format '#{?pane_in_mode,[tmux],#{pane_current_command}}#{?pane_dead,[dead],}' -> 'zsh'
1487345690.007460 @0 name not changed (still zsh)
1487345690.007470 event dispatch enter
1487345690.007507 event dispatch exit
1487345690.007523 @0 active pane not changed
1487345690.007533 event dispatch enter
1487345690.635073 keys are 1 (\177)
1487345690.635108 complete key \177 0x1024
1487345690.635122 session 0 not pasting
1487345690.635133 writing key 0x1024 (BSpace)
1487345690.635143 found key 0x1024: "\177"
1487345690.635157 event dispatch exit
1487345690.635172 @0 active pane not changed
1487345690.635180 event dispatch enter
1487345690.635228 event dispatch exit
1487345690.635243 @0 active pane not changed
1487345690.635251 event dispatch enter
1487345690.635356 %0 has 3 bytes
1487345690.635377 @0 alerts timer reset 0
1487345690.635385 input_parse: %0 ground, 3 bytes: \b \b
1487345690.635391 input_c0_dispatch: '\b'
1487345690.635411 input_c0_dispatch: '\b'
1487345690.635418 event dispatch exit
1487345690.635428 @0 active pane changed
1487345690.635533 format '#{pane_current_command}' -> 'zsh'
1487345690.635542 format '' -> ''
1487345690.635550 format '#{?pane_in_mode,[tmux],#{pane_current_command}}#{?pane_dead,[dead],}' -> 'zsh'
1487345690.635563 @0 name not changed (still zsh)
1487345690.635568 event dispatch enter
1487345690.635586 event dispatch exit
1487345690.635594 @0 active pane not changed
1487345690.635599 event dispatch enter
1487345692.302610 keys are 1 (\004)
1487345692.302668 complete key \004 0x4
1487345692.302689 session 0 not pasting
1487345692.302707 writing key 0x4 (C-d)
1487345692.302728 event dispatch exit
1487345692.302749 @0 active pane not changed
1487345692.302760 event dispatch enter
1487345692.302799 event dispatch exit
1487345692.302814 @0 active pane not changed
1487345692.302824 event dispatch enter
1487345692.303042 %0 has 11 bytes
1487345692.303068 @0 alerts timer reset 0
1487345692.303089 input_parse: %0 ground, 11 bytes: \033[?2004l\r\r\n
1487345692.303115 input_csi_dispatch: 'l' "?" "2004"
1487345692.303133 input_c0_dispatch: '\r'
1487345692.303148 input_c0_dispatch: '\r'
1487345692.303161 input_c0_dispatch: '\n'
1487345692.303183 event dispatch exit
1487345692.303272 @0 active pane changed
1487345692.303518 format '#{pane_current_command}' -> 'zsh'
1487345692.303547 format '' -> ''
1487345692.303568 format '#{?pane_in_mode,[tmux],#{pane_current_command}}#{?pane_dead,[dead],}' -> 'zsh'
1487345692.303608 @0 name not changed (still zsh)
1487345692.303622 event dispatch enter
1487345692.303671 event dispatch exit
1487345692.303692 @0 active pane not changed
1487345692.303706 event dispatch enter
1487345692.311263 session 0 has 2 references
1487345692.311306 session 0 destroyed
1487345692.311322 session 0 has 2 references
1487345692.311342 session 0 has 1 references
1487345692.311372 event dispatch exit
1487345692.311384 writing 203 to client 7
1487345692.311400 event dispatch enter
1487345692.311465 session 0 freed (0 references)
1487345692.311528 event dispatch exit
1487345692.311542 event dispatch enter
1487345692.311771 got 205 from client 7
1487345692.311937 writing 204 to client 7
1487345692.311957 event dispatch exit
1487345692.311968 event dispatch enter
1487345692.312003 event dispatch exit
1487345692.312014 event dispatch enter
1487345692.312573 lost client 7
1487345692.312701 unref client 7 (1 references)
1487345692.312764 event dispatch exit
